{"/Users/chasecollins/Documents/full-stack-open/FullStackOpen/part5/notes-frontend/src/App.jsx": {"path":"/Users/chasecollins/Documents/full-stack-open/FullStackOpen/part5/notes-frontend/src/App.jsx","statementMap":{"0":{"start":{"line":12,"column":12},"end":{"line":142,"column":1}},"1":{"start":{"line":13,"column":28},"end":{"line":13,"column":40}},"2":{"start":{"line":14,"column":32},"end":{"line":14,"column":44}},"3":{"start":{"line":15,"column":32},"end":{"line":15,"column":47}},"4":{"start":{"line":16,"column":42},"end":{"line":16,"column":56}},"5":{"start":{"line":17,"column":34},"end":{"line":17,"column":46}},"6":{"start":{"line":18,"column":34},"end":{"line":18,"column":46}},"7":{"start":{"line":19,"column":26},"end":{"line":19,"column":40}},"8":{"start":{"line":21,"column":2},"end":{"line":25,"column":8}},"9":{"start":{"line":22,"column":4},"end":{"line":24,"column":43}},"10":{"start":{"line":24,"column":24},"end":{"line":24,"column":42}},"11":{"start":{"line":27,"column":2},"end":{"line":34,"column":8}},"12":{"start":{"line":28,"column":25},"end":{"line":28,"column":64}},"13":{"start":{"line":29,"column":4},"end":{"line":33,"column":5}},"14":{"start":{"line":30,"column":19},"end":{"line":30,"column":43}},"15":{"start":{"line":31,"column":6},"end":{"line":31,"column":19}},"16":{"start":{"line":32,"column":6},"end":{"line":32,"column":38}},"17":{"start":{"line":36,"column":22},"end":{"line":36,"column":30}},"18":{"start":{"line":38,"column":18},"end":{"line":45,"column":3}},"19":{"start":{"line":39,"column":4},"end":{"line":39,"column":42}},"20":{"start":{"line":40,"column":4},"end":{"line":44,"column":8}},"21":{"start":{"line":43,"column":8},"end":{"line":43,"column":42}},"22":{"start":{"line":47,"column":22},"end":{"line":63,"column":3}},"23":{"start":{"line":48,"column":4},"end":{"line":48,"column":22}},"24":{"start":{"line":49,"column":4},"end":{"line":62,"column":5}},"25":{"start":{"line":50,"column":19},"end":{"line":50,"column":71}},"26":{"start":{"line":51,"column":6},"end":{"line":51,"column":21}},"27":{"start":{"line":52,"column":6},"end":{"line":52,"column":21}},"28":{"start":{"line":53,"column":6},"end":{"line":53,"column":19}},"29":{"start":{"line":54,"column":6},"end":{"line":54,"column":67}},"30":{"start":{"line":55,"column":6},"end":{"line":55,"column":38}},"31":{"start":{"line":57,"column":6},"end":{"line":57,"column":24}},"32":{"start":{"line":58,"column":6},"end":{"line":58,"column":44}},"33":{"start":{"line":59,"column":6},"end":{"line":61,"column":14}},"34":{"start":{"line":60,"column":8},"end":{"line":60,"column":29}},"35":{"start":{"line":65,"column":29},"end":{"line":85,"column":3}},"36":{"start":{"line":66,"column":17},"end":{"line":66,"column":53}},"37":{"start":{"line":66,"column":38},"end":{"line":66,"column":52}},"38":{"start":{"line":67,"column":25},"end":{"line":67,"column":64}},"39":{"start":{"line":69,"column":4},"end":{"line":84,"column":8}},"40":{"start":{"line":72,"column":8},"end":{"line":76,"column":10}},"41":{"start":{"line":73,"column":10},"end":{"line":75,"column":18}},"42":{"start":{"line":79,"column":8},"end":{"line":79,"column":95}},"43":{"start":{"line":80,"column":8},"end":{"line":82,"column":16}},"44":{"start":{"line":81,"column":10},"end":{"line":81,"column":31}},"45":{"start":{"line":83,"column":8},"end":{"line":83,"column":54}},"46":{"start":{"line":83,"column":38},"end":{"line":83,"column":52}},"47":{"start":{"line":87,"column":20},"end":{"line":99,"column":3}},"48":{"start":{"line":88,"column":4},"end":{"line":98,"column":5}},"49":{"start":{"line":93,"column":39},"end":{"line":93,"column":66}},"50":{"start":{"line":94,"column":39},"end":{"line":94,"column":66}},"51":{"start":{"line":101,"column":19},"end":{"line":109,"column":3}},"52":{"start":{"line":102,"column":4},"end":{"line":108,"column":5}},"53":{"start":{"line":111,"column":22},"end":{"line":113,"column":42}},"54":{"start":{"line":113,"column":27},"end":{"line":113,"column":41}},"55":{"start":{"line":115,"column":2},"end":{"line":141,"column":3}},"56":{"start":{"line":130,"column":31},"end":{"line":130,"column":51}},"57":{"start":{"line":136,"column":10},"end":{"line":136,"column":97}},"58":{"start":{"line":136,"column":66},"end":{"line":136,"column":93}}},"fnMap":{"0":{"name":"(anonymous_0)","decl":{"start":{"line":12,"column":12},"end":{"line":12,"column":13}},"loc":{"start":{"line":12,"column":18},"end":{"line":142,"column":1}},"line":12},"1":{"name":"(anonymous_1)","decl":{"start":{"line":21,"column":12},"end":{"line":21,"column":13}},"loc":{"start":{"line":21,"column":18},"end":{"line":25,"column":3}},"line":21},"2":{"name":"(anonymous_2)","decl":{"start":{"line":24,"column":12},"end":{"line":24,"column":13}},"loc":{"start":{"line":24,"column":24},"end":{"line":24,"column":42}},"line":24},"3":{"name":"(anonymous_3)","decl":{"start":{"line":27,"column":12},"end":{"line":27,"column":13}},"loc":{"start":{"line":27,"column":18},"end":{"line":34,"column":3}},"line":27},"4":{"name":"(anonymous_4)","decl":{"start":{"line":38,"column":18},"end":{"line":38,"column":19}},"loc":{"start":{"line":38,"column":34},"end":{"line":45,"column":3}},"line":38},"5":{"name":"(anonymous_5)","decl":{"start":{"line":42,"column":12},"end":{"line":42,"column":13}},"loc":{"start":{"line":42,"column":28},"end":{"line":44,"column":7}},"line":42},"6":{"name":"(anonymous_6)","decl":{"start":{"line":47,"column":22},"end":{"line":47,"column":23}},"loc":{"start":{"line":47,"column":35},"end":{"line":63,"column":3}},"line":47},"7":{"name":"(anonymous_7)","decl":{"start":{"line":59,"column":17},"end":{"line":59,"column":18}},"loc":{"start":{"line":59,"column":23},"end":{"line":61,"column":7}},"line":59},"8":{"name":"(anonymous_8)","decl":{"start":{"line":65,"column":29},"end":{"line":65,"column":30}},"loc":{"start":{"line":65,"column":37},"end":{"line":85,"column":3}},"line":65},"9":{"name":"(anonymous_9)","decl":{"start":{"line":66,"column":28},"end":{"line":66,"column":29}},"loc":{"start":{"line":66,"column":38},"end":{"line":66,"column":52}},"line":66},"10":{"name":"(anonymous_10)","decl":{"start":{"line":71,"column":12},"end":{"line":71,"column":13}},"loc":{"start":{"line":71,"column":27},"end":{"line":77,"column":7}},"line":71},"11":{"name":"(anonymous_11)","decl":{"start":{"line":72,"column":27},"end":{"line":72,"column":28}},"loc":{"start":{"line":73,"column":10},"end":{"line":75,"column":18}},"line":73},"12":{"name":"(anonymous_12)","decl":{"start":{"line":78,"column":13},"end":{"line":78,"column":14}},"loc":{"start":{"line":78,"column":22},"end":{"line":84,"column":7}},"line":78},"13":{"name":"(anonymous_13)","decl":{"start":{"line":80,"column":19},"end":{"line":80,"column":20}},"loc":{"start":{"line":80,"column":25},"end":{"line":82,"column":9}},"line":80},"14":{"name":"(anonymous_14)","decl":{"start":{"line":83,"column":30},"end":{"line":83,"column":31}},"loc":{"start":{"line":83,"column":38},"end":{"line":83,"column":52}},"line":83},"15":{"name":"(anonymous_15)","decl":{"start":{"line":87,"column":20},"end":{"line":87,"column":21}},"loc":{"start":{"line":87,"column":26},"end":{"line":99,"column":3}},"line":87},"16":{"name":"(anonymous_16)","decl":{"start":{"line":93,"column":32},"end":{"line":93,"column":33}},"loc":{"start":{"line":93,"column":39},"end":{"line":93,"column":66}},"line":93},"17":{"name":"(anonymous_17)","decl":{"start":{"line":94,"column":32},"end":{"line":94,"column":33}},"loc":{"start":{"line":94,"column":39},"end":{"line":94,"column":66}},"line":94},"18":{"name":"(anonymous_18)","decl":{"start":{"line":101,"column":19},"end":{"line":101,"column":20}},"loc":{"start":{"line":101,"column":25},"end":{"line":109,"column":3}},"line":101},"19":{"name":"(anonymous_19)","decl":{"start":{"line":113,"column":19},"end":{"line":113,"column":20}},"loc":{"start":{"line":113,"column":27},"end":{"line":113,"column":41}},"line":113},"20":{"name":"(anonymous_20)","decl":{"start":{"line":130,"column":25},"end":{"line":130,"column":26}},"loc":{"start":{"line":130,"column":31},"end":{"line":130,"column":51}},"line":130},"21":{"name":"(anonymous_21)","decl":{"start":{"line":135,"column":25},"end":{"line":135,"column":26}},"loc":{"start":{"line":136,"column":10},"end":{"line":136,"column":97}},"line":136},"22":{"name":"(anonymous_22)","decl":{"start":{"line":136,"column":60},"end":{"line":136,"column":61}},"loc":{"start":{"line":136,"column":66},"end":{"line":136,"column":93}},"line":136}},"branchMap":{"0":{"loc":{"start":{"line":29,"column":4},"end":{"line":33,"column":5}},"type":"if","locations":[{"start":{"line":29,"column":4},"end":{"line":33,"column":5}},{"start":{},"end":{}}],"line":29},"1":{"loc":{"start":{"line":73,"column":10},"end":{"line":75,"column":18}},"type":"cond-expr","locations":[{"start":{"line":74,"column":14},"end":{"line":74,"column":25}},{"start":{"line":75,"column":14},"end":{"line":75,"column":18}}],"line":73},"2":{"loc":{"start":{"line":111,"column":22},"end":{"line":113,"column":42}},"type":"cond-expr","locations":[{"start":{"line":112,"column":6},"end":{"line":112,"column":11}},{"start":{"line":113,"column":6},"end":{"line":113,"column":42}}],"line":111},"3":{"loc":{"start":{"line":122,"column":8},"end":{"line":126,"column":12}},"type":"binary-expr","locations":[{"start":{"line":122,"column":8},"end":{"line":122,"column":12}},{"start":{"line":123,"column":6},"end":{"line":126,"column":12}}],"line":122},"4":{"loc":{"start":{"line":131,"column":16},"end":{"line":131,"column":45}},"type":"cond-expr","locations":[{"start":{"line":131,"column":26},"end":{"line":131,"column":37}},{"start":{"line":131,"column":40},"end":{"line":131,"column":45}}],"line":131}},"s":{"0":0,"1":0,"2":0,"3":0,"4":0,"5":0,"6":0,"7":0,"8":0,"9":0,"10":0,"11":0,"12":0,"13":0,"14":0,"15":0,"16":0,"17":0,"18":0,"19":0,"20":0,"21":0,"22":0,"23":0,"24":0,"25":0,"26":0,"27":0,"28":0,"29":0,"30":0,"31":0,"32":0,"33":0,"34":0,"35":0,"36":0,"37":0,"38":0,"39":0,"40":0,"41":0,"42":0,"43":0,"44":0,"45":0,"46":0,"47":0,"48":0,"49":0,"50":0,"51":0,"52":0,"53":0,"54":0,"55":0,"56":0,"57":0,"58":0},"f":{"0":0,"1":0,"2":0,"3":0,"4":0,"5":0,"6":0,"7":0,"8":0,"9":0,"10":0,"11":0,"12":0,"13":0,"14":0,"15":0,"16":0,"17":0,"18":0,"19":0,"20":0,"21":0,"22":0},"b":{"0":[0,0],"1":[0,0],"2":[0,0],"3":[0,0],"4":[0,0]}}
,"/Users/chasecollins/Documents/full-stack-open/FullStackOpen/part5/notes-frontend/src/main.jsx": {"path":"/Users/chasecollins/Documents/full-stack-open/FullStackOpen/part5/notes-frontend/src/main.jsx","statementMap":{"0":{"start":{"line":5,"column":0},"end":{"line":5,"column":68}}},"fnMap":{},"branchMap":{},"s":{"0":0},"f":{},"b":{}}
,"/Users/chasecollins/Documents/full-stack-open/FullStackOpen/part5/notes-frontend/src/components/ErrorNotification.jsx": {"path":"/Users/chasecollins/Documents/full-stack-open/FullStackOpen/part5/notes-frontend/src/components/ErrorNotification.jsx","statementMap":{"0":{"start":{"line":1,"column":21},"end":{"line":11,"column":1}},"1":{"start":{"line":2,"column":2},"end":{"line":4,"column":3}},"2":{"start":{"line":3,"column":4},"end":{"line":3,"column":15}},"3":{"start":{"line":6,"column":2},"end":{"line":10,"column":3}}},"fnMap":{"0":{"name":"(anonymous_0)","decl":{"start":{"line":1,"column":21},"end":{"line":1,"column":22}},"loc":{"start":{"line":1,"column":38},"end":{"line":11,"column":1}},"line":1}},"branchMap":{"0":{"loc":{"start":{"line":2,"column":2},"end":{"line":4,"column":3}},"type":"if","locations":[{"start":{"line":2,"column":2},"end":{"line":4,"column":3}},{"start":{},"end":{}}],"line":2}},"s":{"0":0,"1":0,"2":0,"3":0},"f":{"0":0},"b":{"0":[0,0]}}
,"/Users/chasecollins/Documents/full-stack-open/FullStackOpen/part5/notes-frontend/src/components/Footer.jsx": {"path":"/Users/chasecollins/Documents/full-stack-open/FullStackOpen/part5/notes-frontend/src/components/Footer.jsx","statementMap":{"0":{"start":{"line":1,"column":15},"end":{"line":13,"column":1}},"1":{"start":{"line":2,"column":22},"end":{"line":6,"column":3}},"2":{"start":{"line":7,"column":2},"end":{"line":12,"column":3}}},"fnMap":{"0":{"name":"(anonymous_0)","decl":{"start":{"line":1,"column":15},"end":{"line":1,"column":16}},"loc":{"start":{"line":1,"column":21},"end":{"line":13,"column":1}},"line":1}},"branchMap":{},"s":{"0":0,"1":0,"2":0},"f":{"0":0},"b":{}}
,"/Users/chasecollins/Documents/full-stack-open/FullStackOpen/part5/notes-frontend/src/components/LoginForm.jsx": {"path":"/Users/chasecollins/Documents/full-stack-open/FullStackOpen/part5/notes-frontend/src/components/LoginForm.jsx","statementMap":{"0":{"start":{"line":3,"column":18},"end":{"line":34,"column":1}},"1":{"start":{"line":10,"column":2},"end":{"line":33,"column":3}},"2":{"start":{"line":36,"column":0},"end":{"line":42,"column":1}}},"fnMap":{"0":{"name":"(anonymous_0)","decl":{"start":{"line":3,"column":18},"end":{"line":3,"column":19}},"loc":{"start":{"line":9,"column":6},"end":{"line":34,"column":1}},"line":9}},"branchMap":{},"s":{"0":0,"1":0,"2":0},"f":{"0":0},"b":{}}
,"/Users/chasecollins/Documents/full-stack-open/FullStackOpen/part5/notes-frontend/src/components/Note.jsx": {"path":"/Users/chasecollins/Documents/full-stack-open/FullStackOpen/part5/notes-frontend/src/components/Note.jsx","statementMap":{"0":{"start":{"line":1,"column":13},"end":{"line":11,"column":1}},"1":{"start":{"line":2,"column":16},"end":{"line":3,"column":45}},"2":{"start":{"line":5,"column":2},"end":{"line":10,"column":3}}},"fnMap":{"0":{"name":"(anonymous_0)","decl":{"start":{"line":1,"column":13},"end":{"line":1,"column":14}},"loc":{"start":{"line":1,"column":45},"end":{"line":11,"column":1}},"line":1}},"branchMap":{"0":{"loc":{"start":{"line":2,"column":16},"end":{"line":3,"column":45}},"type":"cond-expr","locations":[{"start":{"line":3,"column":6},"end":{"line":3,"column":26}},{"start":{"line":3,"column":29},"end":{"line":3,"column":45}}],"line":2}},"s":{"0":1,"1":2,"2":2},"f":{"0":2},"b":{"0":[2,0]},"_coverageSchema":"1a1c01bbd47fc00a2c39e90264f33305004495a9","hash":"3e3144fb7e2b2806e07b838742011b4f653a647f"}
,"/Users/chasecollins/Documents/full-stack-open/FullStackOpen/part5/notes-frontend/src/components/NoteForm.jsx": {"path":"/Users/chasecollins/Documents/full-stack-open/FullStackOpen/part5/notes-frontend/src/components/NoteForm.jsx","statementMap":{"0":{"start":{"line":3,"column":17},"end":{"line":30,"column":1}},"1":{"start":{"line":4,"column":32},"end":{"line":4,"column":44}},"2":{"start":{"line":6,"column":18},"end":{"line":14,"column":3}},"3":{"start":{"line":7,"column":4},"end":{"line":7,"column":26}},"4":{"start":{"line":8,"column":4},"end":{"line":11,"column":6}},"5":{"start":{"line":13,"column":4},"end":{"line":13,"column":18}},"6":{"start":{"line":16,"column":2},"end":{"line":29,"column":3}},"7":{"start":{"line":23,"column":29},"end":{"line":23,"column":59}}},"fnMap":{"0":{"name":"(anonymous_0)","decl":{"start":{"line":3,"column":17},"end":{"line":3,"column":18}},"loc":{"start":{"line":3,"column":37},"end":{"line":30,"column":1}},"line":3},"1":{"name":"(anonymous_1)","decl":{"start":{"line":6,"column":18},"end":{"line":6,"column":19}},"loc":{"start":{"line":6,"column":29},"end":{"line":14,"column":3}},"line":6},"2":{"name":"(anonymous_2)","decl":{"start":{"line":23,"column":20},"end":{"line":23,"column":21}},"loc":{"start":{"line":23,"column":29},"end":{"line":23,"column":59}},"line":23}},"branchMap":{},"s":{"0":1,"1":19,"2":19,"3":1,"4":1,"5":1,"6":19,"7":17},"f":{"0":19,"1":1,"2":17},"b":{},"_coverageSchema":"1a1c01bbd47fc00a2c39e90264f33305004495a9","hash":"68e0187ed100630e352b29241eaf2fb341ed8e07"}
,"/Users/chasecollins/Documents/full-stack-open/FullStackOpen/part5/notes-frontend/src/components/Togglable.jsx": {"path":"/Users/chasecollins/Documents/full-stack-open/FullStackOpen/part5/notes-frontend/src/components/Togglable.jsx","statementMap":{"0":{"start":{"line":4,"column":18},"end":{"line":31,"column":2}},"1":{"start":{"line":5,"column":32},"end":{"line":5,"column":47}},"2":{"start":{"line":7,"column":26},"end":{"line":7,"column":60}},"3":{"start":{"line":8,"column":26},"end":{"line":8,"column":60}},"4":{"start":{"line":10,"column":27},"end":{"line":12,"column":3}},"5":{"start":{"line":11,"column":4},"end":{"line":11,"column":24}},"6":{"start":{"line":14,"column":2},"end":{"line":18,"column":4}},"7":{"start":{"line":15,"column":4},"end":{"line":17,"column":5}},"8":{"start":{"line":20,"column":2},"end":{"line":30,"column":3}},"9":{"start":{"line":33,"column":0},"end":{"line":33,"column":35}}},"fnMap":{"0":{"name":"(anonymous_0)","decl":{"start":{"line":4,"column":29},"end":{"line":4,"column":30}},"loc":{"start":{"line":4,"column":46},"end":{"line":31,"column":1}},"line":4},"1":{"name":"(anonymous_1)","decl":{"start":{"line":10,"column":27},"end":{"line":10,"column":28}},"loc":{"start":{"line":10,"column":33},"end":{"line":12,"column":3}},"line":10},"2":{"name":"(anonymous_2)","decl":{"start":{"line":14,"column":28},"end":{"line":14,"column":29}},"loc":{"start":{"line":14,"column":34},"end":{"line":18,"column":3}},"line":14}},"branchMap":{"0":{"loc":{"start":{"line":7,"column":37},"end":{"line":7,"column":58}},"type":"cond-expr","locations":[{"start":{"line":7,"column":47},"end":{"line":7,"column":53}},{"start":{"line":7,"column":56},"end":{"line":7,"column":58}}],"line":7},"1":{"loc":{"start":{"line":8,"column":37},"end":{"line":8,"column":58}},"type":"cond-expr","locations":[{"start":{"line":8,"column":47},"end":{"line":8,"column":49}},{"start":{"line":8,"column":52},"end":{"line":8,"column":58}}],"line":8}},"s":{"0":1,"1":7,"2":7,"3":7,"4":7,"5":3,"6":7,"7":0,"8":7,"9":1},"f":{"0":7,"1":3,"2":0},"b":{"0":[2,5],"1":[2,5]},"_coverageSchema":"1a1c01bbd47fc00a2c39e90264f33305004495a9","hash":"d7e9d561346d64b6e952febac50809807d83e71f"}
,"/Users/chasecollins/Documents/full-stack-open/FullStackOpen/part5/notes-frontend/src/services/login.js": {"path":"/Users/chasecollins/Documents/full-stack-open/FullStackOpen/part5/notes-frontend/src/services/login.js","statementMap":{"0":{"start":{"line":3,"column":17},"end":{"line":3,"column":29}},"1":{"start":{"line":5,"column":18},"end":{"line":8,"column":1}},"2":{"start":{"line":6,"column":19},"end":{"line":6,"column":58}},"3":{"start":{"line":7,"column":2},"end":{"line":7,"column":22}}},"fnMap":{"0":{"name":"(anonymous_0)","decl":{"start":{"line":5,"column":18},"end":{"line":5,"column":19}},"loc":{"start":{"line":5,"column":41},"end":{"line":8,"column":1}},"line":5}},"branchMap":{},"s":{"0":0,"1":0,"2":0,"3":0},"f":{"0":0},"b":{}}
,"/Users/chasecollins/Documents/full-stack-open/FullStackOpen/part5/notes-frontend/src/services/notes.js": {"path":"/Users/chasecollins/Documents/full-stack-open/FullStackOpen/part5/notes-frontend/src/services/notes.js","statementMap":{"0":{"start":{"line":2,"column":16},"end":{"line":2,"column":28}},"1":{"start":{"line":4,"column":12},"end":{"line":4,"column":16}},"2":{"start":{"line":6,"column":17},"end":{"line":6,"column":57}},"3":{"start":{"line":6,"column":29},"end":{"line":6,"column":57}},"4":{"start":{"line":8,"column":15},"end":{"line":11,"column":1}},"5":{"start":{"line":9,"column":18},"end":{"line":9,"column":36}},"6":{"start":{"line":10,"column":2},"end":{"line":10,"column":48}},"7":{"start":{"line":10,"column":34},"end":{"line":10,"column":47}},"8":{"start":{"line":13,"column":15},"end":{"line":20,"column":1}},"9":{"start":{"line":14,"column":17},"end":{"line":16,"column":3}},"10":{"start":{"line":18,"column":18},"end":{"line":18,"column":56}},"11":{"start":{"line":19,"column":2},"end":{"line":19,"column":48}},"12":{"start":{"line":19,"column":34},"end":{"line":19,"column":47}},"13":{"start":{"line":22,"column":15},"end":{"line":25,"column":1}},"14":{"start":{"line":23,"column":18},"end":{"line":23,"column":58}},"15":{"start":{"line":24,"column":2},"end":{"line":24,"column":48}},"16":{"start":{"line":24,"column":34},"end":{"line":24,"column":47}}},"fnMap":{"0":{"name":"(anonymous_0)","decl":{"start":{"line":6,"column":17},"end":{"line":6,"column":18}},"loc":{"start":{"line":6,"column":29},"end":{"line":6,"column":57}},"line":6},"1":{"name":"(anonymous_1)","decl":{"start":{"line":8,"column":15},"end":{"line":8,"column":16}},"loc":{"start":{"line":8,"column":21},"end":{"line":11,"column":1}},"line":8},"2":{"name":"(anonymous_2)","decl":{"start":{"line":10,"column":22},"end":{"line":10,"column":23}},"loc":{"start":{"line":10,"column":34},"end":{"line":10,"column":47}},"line":10},"3":{"name":"(anonymous_3)","decl":{"start":{"line":13,"column":15},"end":{"line":13,"column":16}},"loc":{"start":{"line":13,"column":36},"end":{"line":20,"column":1}},"line":13},"4":{"name":"(anonymous_4)","decl":{"start":{"line":19,"column":22},"end":{"line":19,"column":23}},"loc":{"start":{"line":19,"column":34},"end":{"line":19,"column":47}},"line":19},"5":{"name":"(anonymous_5)","decl":{"start":{"line":22,"column":15},"end":{"line":22,"column":16}},"loc":{"start":{"line":22,"column":34},"end":{"line":25,"column":1}},"line":22},"6":{"name":"(anonymous_6)","decl":{"start":{"line":24,"column":22},"end":{"line":24,"column":23}},"loc":{"start":{"line":24,"column":34},"end":{"line":24,"column":47}},"line":24}},"branchMap":{},"s":{"0":0,"1":0,"2":0,"3":0,"4":0,"5":0,"6":0,"7":0,"8":0,"9":0,"10":0,"11":0,"12":0,"13":0,"14":0,"15":0,"16":0},"f":{"0":0,"1":0,"2":0,"3":0,"4":0,"5":0,"6":0},"b":{}}
}
